du -a -h --threshold 20M ../../../ | sort

113M	../../../usr/share/locale
114M	../../../usr/bin
1.2G	../../../usr/lib/modules
133M	../../../boot
137M	../../../var/lib/apt
137M	../../../var/lib/apt/lists
161M	../../../var/lib
1.6G	../../../usr/lib
2.0G	../../../usr
21M	../../../usr/share/man
21M	../../../usr/share/perl
21M	../../../usr/share/perl/5.36.0
22M	../../../usr/lib/modules/6.1.0-27-amd64/kernel/drivers/scsi
22M	../../../usr/lib/modules/6.1.0-31-amd64/kernel/drivers/scsi
22M	../../../usr/lib/modules/6.1.0-32-amd64/kernel/drivers/scsi
22M	../../../usr/lib/udev
22M	../../../usr/share/nmap
231M	../../../usr/lib/x86_64-linux-gnu
23M	../../../usr/sbin
26M	../../../usr/lib/x86_64-linux-gnu/perl
26M	../../../usr/lib/x86_64-linux-gnu/perl/5.36.0
275M	../../../usr/lib/modules/6.1.0-27-amd64/kernel/drivers
276M	../../../usr/lib/modules/6.1.0-31-amd64/kernel/drivers
276M	../../../usr/lib/modules/6.1.0-32-amd64/kernel/drivers
27M	../../../usr/lib/python3.11
2.9G	../../../
29M	../../../usr/lib/modules/6.1.0-27-amd64/kernel/sound
29M	../../../usr/lib/modules/6.1.0-31-amd64/kernel/sound
29M	../../../usr/lib/modules/6.1.0-32-amd64/kernel/sound
30M	../../../usr/lib/x86_64-linux-gnu/libicudata.so.72.1
313M	../../../usr/share
31M	../../../usr/bin/x86_64-linux-gnu-lto-dump-12
31M	../../../usr/lib/gcc/x86_64-linux-gnu/12/lto1
32M	../../../usr/lib/gcc/x86_64-linux-gnu/12/cc1
32M	../../../usr/lib/modules/6.1.0-27-amd64/kernel/drivers/net/wireless
32M	../../../usr/lib/modules/6.1.0-31-amd64/kernel/drivers/net/wireless
32M	../../../usr/lib/modules/6.1.0-32-amd64/kernel/drivers/net/wireless
32M	../../../var/lib/apt/lists/deb.debian.org_debian_dists_bookworm_main_i18n_Translation-en
33M	../../../boot/initrd.img-6.1.0-27-amd64
33M	../../../boot/initrd.img-6.1.0-31-amd64
33M	../../../boot/initrd.img-6.1.0-32-amd64
34M	../../../usr/lib/modules/6.1.0-27-amd64/kernel/drivers/net/ethernet
34M	../../../usr/lib/modules/6.1.0-27-amd64/kernel/net
34M	../../../usr/lib/modules/6.1.0-31-amd64/kernel/drivers/net/ethernet
34M	../../../usr/lib/modules/6.1.0-31-amd64/kernel/net
34M	../../../usr/lib/modules/6.1.0-32-amd64/kernel/drivers/net/ethernet
34M	../../../usr/lib/modules/6.1.0-32-amd64/kernel/net
35M	../../../usr/lib/modules/6.1.0-27-amd64/kernel/drivers/media
35M	../../../usr/lib/modules/6.1.0-31-amd64/kernel/drivers/media
35M	../../../usr/lib/modules/6.1.0-32-amd64/kernel/drivers/media
35M	../../../usr/share/doc
389M	../../../usr/lib/modules/6.1.0-27-amd64/kernel
389M	../../../usr/lib/modules/6.1.0-31-amd64/kernel
389M	../../../usr/lib/modules/6.1.0-32-amd64/kernel
38M	../../../usr/lib/modules/6.1.0-27-amd64/kernel/fs
38M	../../../usr/lib/modules/6.1.0-31-amd64/kernel/fs
38M	../../../usr/lib/modules/6.1.0-32-amd64/kernel/fs
38M	../../../var/cache/apt/pkgcache.bin
38M	../../../var/cache/apt/srcpkgcache.bin
394M	../../../usr/lib/modules/6.1.0-27-amd64
395M	../../../usr/lib/modules/6.1.0-31-amd64
395M	../../../usr/lib/modules/6.1.0-32-amd64
40M	../../../usr/lib/modules/6.1.0-27-amd64/kernel/drivers/gpu
40M	../../../usr/lib/modules/6.1.0-27-amd64/kernel/drivers/gpu/drm
40M	../../../usr/lib/modules/6.1.0-31-amd64/kernel/drivers/gpu
40M	../../../usr/lib/modules/6.1.0-31-amd64/kernel/drivers/gpu/drm
40M	../../../usr/lib/modules/6.1.0-32-amd64/kernel/drivers/gpu
40M	../../../usr/lib/modules/6.1.0-32-amd64/kernel/drivers/gpu/drm
40M	../../../usr/share/vim
40M	../../../usr/share/vim/vim90
48M	../../../var/lib/apt/lists/deb.debian.org_debian_dists_bookworm_main_binary-amd64_Packages
49M	../../../var/lib/apt/lists/deb.debian.org_debian_dists_bookworm_main_source_Sources
504M	../../../var/log/journal
504M	../../../var/log/journal/8247b53b6ae84ae0ad9bb1c96113fd29
521M	../../../var/log
764M	../../../var
76M	../../../usr/lib/modules/6.1.0-27-amd64/kernel/drivers/net
76M	../../../usr/lib/modules/6.1.0-31-amd64/kernel/drivers/net
76M	../../../usr/lib/modules/6.1.0-32-amd64/kernel/drivers/net
76M	../../../var/cache/apt
79M	../../../usr/lib/gcc
79M	../../../usr/lib/gcc/x86_64-linux-gnu
79M	../../../usr/lib/gcc/x86_64-linux-gnu/12
83M	../../../var/cache

